<?xml version="1.0" encoding="UTF-8"?>
<Site BuildName="(empty)"
	BuildStamp="20231130-0141-Experimental"
	Name="Qalam"
	Generator="ctest-3.16.3"
	CompilerName="/usr/bin/g++"
	CompilerVersion="9.4.0"
	OSName="Linux"
	Hostname="Qalam"
	OSRelease="5.15.0-89-generic"
	OSVersion="#99~20.04.1-Ubuntu SMP Thu Nov 2 15:16:47 UTC 2023"
	OSPlatform="x86_64"
	Is64Bits="1"
	VendorString="GenuineIntel"
	VendorID="Intel Corporation"
	FamilyID="6"
	ModelID="158"
	ProcessorCacheSize="6144"
	NumberOfLogicalCPU="8"
	NumberOfPhysicalCPU="4"
	TotalVirtualMemory="2047"
	TotalPhysicalMemory="15871"
	LogicalProcessorsPerPhysical="2"
	ProcessorClockFrequency="1904.63"
	>
	<Testing>
		<StartDateTime>Nov 30 01:41 GMT</StartDateTime>
		<StartTestTime>1701308477</StartTestTime>
		<TestList/>
		<EndDateTime>Nov 30 01:41 GMT</EndDateTime>
		<EndTestTime>1701308477</EndTestTime>
		<ElapsedMinutes>0</ElapsedMinutes>
	</Testing>
</Site>
